<?xml version="1.0" encoding="UTF-8"?>
<testsuite xmlns:xsi="http://www.w3.org/2001/XMLSchema-instance" xsi:noNamespaceSchemaLocation="https://maven.apache.org/surefire/maven-surefire-plugin/xsd/surefire-test-report-3.0.xsd" version="3.0" name="testrunners.RunLoginTest" time="66.781" tests="2" errors="0" skipped="0" failures="0">
  <properties>
[...]
</properties>
  <testcase name="verify items count" classname="dashboard page info and items" time="33.501">
    <system-out><![CDATA[
@008
Scenario: verify items count                  &amp#27;[90m# src/test/resources/features/dashboard.feature:7&amp#27;[0m
Opened browser and URL
  &amp#27;[32mGiven &amp#27;[0m&amp#27;[32mthe user is on the login page&amp#27;[0m         &amp#27;[90m# stepdefinition.LoginTestDefinition.the_user_is_on_the_login_page()&amp#27;[0m
Entered username and password
  &amp#27;[32mWhen &amp#27;[0m&amp#27;[32muser enters the &amp#27;[0m&amp#27;[32m&amp#27;[1m"Admin"&amp#27;[0m&amp#27;[32m and &amp#27;[0m&amp#27;[32m&amp#27;[1m"admin123"&amp#27;[0m &amp#27;[90m# stepdefinition.LoginTestDefinition.user_enters_the_and(java.lang.String,java.lang.String)&amp#27;[0m
Clicking on the submit button
  &amp#27;[32mAnd &amp#27;[0m&amp#27;[32muser clicks on the Submit button&amp#27;[0m        &amp#27;[90m# stepdefinition.LoginTestDefinition.user_clicks_on_the_submit_button()&amp#27;[0m
  &amp#27;[32mGiven &amp#27;[0m&amp#27;[32mdashboard page is visible&amp#27;[0m             &amp#27;[90m# stepdefinition.DashBoardDefinition.dashboard_page_is_visible()&amp#27;[0m
6
  &amp#27;[32mThen &amp#27;[0m&amp#27;[32mverify the QuickLaunge items count&amp#27;[0m     &amp#27;[90m# stepdefinition.DashBoardDefinition.verify_the_quick_launge_items_count()&amp#27;[0m
]]></system-out>
    <system-err><![CDATA[SLF4J: No SLF4J providers were found.
SLF4J: Defaulting to no-operation (NOP) logger implementation
SLF4J: See https://www.slf4j.org/codes.html#noProviders for further details.
Starting ChromeDriver 108.0.5359.71 (1e0e3868ee06e91ad636a874420e3ca3ae3756ac-refs/branch-heads/5359@{#1016}) on port 60252
Only local connections are allowed.
Please see https://chromedriver.chromium.org/security-considerations for suggestions on keeping ChromeDriver safe.
ChromeDriver was started successfully.
Jan 10, 2023 8:32:50 PM org.openqa.selenium.remote.ProtocolHandshake createSession
INFO: Detected dialect: W3C
Jan 10, 2023 8:32:50 PM org.openqa.selenium.devtools.CdpVersionFinder findNearestMatch
WARNING: Unable to find an exact match for CDP version 108, so returning the closest version found: a no-op implementation
Jan 10, 2023 8:32:50 PM org.openqa.selenium.devtools.CdpVersionFinder findNearestMatch
INFO: Unable to find CDP implementation matching 108.
Jan 10, 2023 8:32:50 PM org.openqa.selenium.chromium.ChromiumDriver lambda$new$3
WARNING: Unable to find version of CDP to use for . You may need to include a dependency on a specific version of the CDP using something similar to `org.seleniumhq.selenium:selenium-devtools-v86:4.1.3` where the version ("v86") matches the version of the chromium-based browser you're using and the version number of the artifact is the same as Selenium's.
[1673400789.955][WARNING]: Timed out connecting to Chrome, retrying...
[1673400798.024][WARNING]: Timed out connecting to Chrome, retrying...
]]></system-err>
  </testcase>
  <testcase name="verify items text" classname="dashboard page info and items" time="31.001">
    <system-out><![CDATA[
@009
Scenario: verify items text                   &amp#27;[90m# src/test/resources/features/dashboard.feature:11&amp#27;[0m
Opened browser and URL
  &amp#27;[32mGiven &amp#27;[0m&amp#27;[32mthe user is on the login page&amp#27;[0m         &amp#27;[90m# stepdefinition.LoginTestDefinition.the_user_is_on_the_login_page()&amp#27;[0m
Entered username and password
  &amp#27;[32mWhen &amp#27;[0m&amp#27;[32muser enters the &amp#27;[0m&amp#27;[32m&amp#27;[1m"Admin"&amp#27;[0m&amp#27;[32m and &amp#27;[0m&amp#27;[32m&amp#27;[1m"admin123"&amp#27;[0m &amp#27;[90m# stepdefinition.LoginTestDefinition.user_enters_the_and(java.lang.String,java.lang.String)&amp#27;[0m
Clicking on the submit button
  &amp#27;[32mAnd &amp#27;[0m&amp#27;[32muser clicks on the Submit button&amp#27;[0m        &amp#27;[90m# stepdefinition.LoginTestDefinition.user_clicks_on_the_submit_button()&amp#27;[0m
  &amp#27;[32mGiven &amp#27;[0m&amp#27;[32mdashboard page is visible&amp#27;[0m             &amp#27;[90m# stepdefinition.DashBoardDefinition.dashboard_page_is_visible()&amp#27;[0m
[Assign Leave, Leave List, Timesheets, Apply Leave, My Leave, My Timesheet]
  &amp#27;[32mThen &amp#27;[0m&amp#27;[32mverify the QuickLanuge items names&amp#27;[0m     &amp#27;[90m# stepdefinition.DashBoardDefinition.verify_the_quick_lanuge_items_names()&amp#27;[0m
]]></system-out>
    <system-err><![CDATA[Starting ChromeDriver 108.0.5359.71 (1e0e3868ee06e91ad636a874420e3ca3ae3756ac-refs/branch-heads/5359@{#1016}) on port 64075
Only local connections are allowed.
Please see https://chromedriver.chromium.org/security-considerations for suggestions on keeping ChromeDriver safe.
ChromeDriver was started successfully.
Jan 10, 2023 8:33:22 PM org.openqa.selenium.remote.ProtocolHandshake createSession
INFO: Detected dialect: W3C
Jan 10, 2023 8:33:22 PM org.openqa.selenium.devtools.CdpVersionFinder findNearestMatch
WARNING: Unable to find an exact match for CDP version 108, so returning the closest version found: a no-op implementation
Jan 10, 2023 8:33:22 PM org.openqa.selenium.devtools.CdpVersionFinder findNearestMatch
INFO: Unable to find CDP implementation matching 108.
Jan 10, 2023 8:33:22 PM org.openqa.selenium.chromium.ChromiumDriver lambda$new$3
WARNING: Unable to find version of CDP to use for . You may need to include a dependency on a specific version of the CDP using something similar to `org.seleniumhq.selenium:selenium-devtools-v86:4.1.3` where the version ("v86") matches the version of the chromium-based browser you're using and the version number of the artifact is the same as Selenium's.
[1673400820.988][WARNING]: Timed out connecting to Chrome, retrying...
[1673400829.072][WARNING]: Timed out connecting to Chrome, retrying...
]]></system-err>
  </testcase>
</testsuite>